<?xml version="1.0" encoding="UTF-8"?>
<testsuite name="com.challenge.api.service.EmployeeServiceTest" tests="5" skipped="0" failures="0" errors="0" timestamp="2026-09-22T03:15:56" hostname="Sneha-2.local" time="0.004">
  <properties/>
  <testcase name="getAllEmployeesShouldInitiallyBeEmpty()" classname="com.challenge.api.service.EmployeeServiceTest" time="0.001"/>
  <testcase name="getEmployeeByUuidShouldReturnEmployee()" classname="com.challenge.api.service.EmployeeServiceTest" time="0.001"/>
  <testcase name="deleteEmployeeShouldRemoveEmployee()" classname="com.challenge.api.service.EmployeeServiceTest" time="0.001"/>
  <testcase name="createEmployeeShouldCreateAndStoreEmployee()" classname="com.challenge.api.service.EmployeeServiceTest" time="0.0"/>
  <testcase name="getEmployeeByUuidShouldThrowWhenEmployeeDoesNotExist()" classname="com.challenge.api.service.EmployeeServiceTest" time="0.001"/>
  <system-out><![CDATA[]]></system-out>
  <system-err><![CDATA[]]></system-err>
</testsuite>
