<?xml version="1.0" encoding="UTF-8"?>
<testsuite name="com.challenge.api.controller.EmployeeControllerTest" tests="11" skipped="0" failures="0" errors="0" timestamp="2026-09-22T03:48:20" hostname="Sneha-2.local" time="0.524">
  <properties/>
  <testcase name="createEmployeeShouldReturnBadRequestWhenFirstNameIsMissing()" classname="com.challenge.api.controller.EmployeeControllerTest" time="0.459"/>
  <testcase name="deleteEmployeeShouldReturnNotFoundWhenEmployeeDoesNotExist()" classname="com.challenge.api.controller.EmployeeControllerTest" time="0.004"/>
  <testcase name="searchEmployeesShouldReturnMatchingEmployees()" classname="com.challenge.api.controller.EmployeeControllerTest" time="0.035"/>
  <testcase name="getEmployeeByUuidShouldReturnEmployee()" classname="com.challenge.api.controller.EmployeeControllerTest" time="0.004"/>
  <testcase name="deleteEmployeeShouldRemoveEmployee()" classname="com.challenge.api.controller.EmployeeControllerTest" time="0.003"/>
  <testcase name="getEmployeeByUuidShouldReturnBadRequestForInvalidUuid()" classname="com.challenge.api.controller.EmployeeControllerTest" time="0.004"/>
  <testcase name="getEmployeeByUuidShouldReturnNotFoundWhenEmployeeDoesNotExist()" classname="com.challenge.api.controller.EmployeeControllerTest" time="0.002"/>
  <testcase name="createEmployeeShouldReturnCreatedEmployee()" classname="com.challenge.api.controller.EmployeeControllerTest" time="0.003"/>
  <testcase name="searchEmployeesShouldBeCaseInsensitiveAndAllowPartialNames()" classname="com.challenge.api.controller.EmployeeControllerTest" time="0.003"/>
  <testcase name="getAllEmployeesShouldReturnOk()" classname="com.challenge.api.controller.EmployeeControllerTest" time="0.002"/>
  <testcase name="searchEmployeesShouldReturnBadRequestWhenNameIsMissing()" classname="com.challenge.api.controller.EmployeeControllerTest" time="0.002"/>
  <system-out><![CDATA[23:48:20.193 [Test worker] INFO org.springframework.test.context.support.AnnotationConfigContextLoaderUtils -- Could not detect default configuration classes for test class [com.challenge.api.controller.EmployeeControllerTest]: EmployeeControllerTest does not declare any static, non-private, non-final, nested classes annotated with @Configuration.
23:48:20.246 [Test worker] INFO org.springframework.boot.test.context.SpringBootTestContextBootstrapper -- Found @SpringBootConfiguration com.challenge.api.EntryLevelJavaChallengeApplication for test class com.challenge.api.controller.EmployeeControllerTest

  .   ____          _            __ _ _
 /\\ / ___'_ __ _ _(_)_ __  __ _ \ \ \ \
( ( )\___ | '_ | '_| | '_ \/ _` | \ \ \ \
 \\/  ___)| |_)| | | | | || (_| |  ) ) ) )
  '  |____| .__|_| |_|_| |_\__, | / / / /
 =========|_|==============|___/=/_/_/_/
 :: Spring Boot ::               (v3.2.10)

2026-09-21T23:48:20.421-04:00  INFO 32126 --- [entry-level-java-challenge] [    Test worker] c.c.a.controller.EmployeeControllerTest  : Starting EmployeeControllerTest using Java 17.0.20.1 with PID 32126 (started by spatel in /Users/spatel/Documents/GitHub/Reliaquest OA/api)
2026-09-21T23:48:20.422-04:00  INFO 32126 --- [entry-level-java-challenge] [    Test worker] c.c.a.controller.EmployeeControllerTest  : No active profile set, falling back to 1 default profile: "default"
2026-09-21T23:48:20.838-04:00  INFO 32126 --- [entry-level-java-challenge] [    Test worker] o.s.b.t.m.w.SpringBootMockServletContext : Initializing Spring TestDispatcherServlet ''
2026-09-21T23:48:20.838-04:00  INFO 32126 --- [entry-level-java-challenge] [    Test worker] o.s.t.web.servlet.TestDispatcherServlet  : Initializing Servlet ''
2026-09-21T23:48:20.839-04:00  INFO 32126 --- [entry-level-java-challenge] [    Test worker] o.s.t.web.servlet.TestDispatcherServlet  : Completed initialization in 0 ms
2026-09-21T23:48:20.852-04:00  INFO 32126 --- [entry-level-java-challenge] [    Test worker] c.c.a.controller.EmployeeControllerTest  : Started EmployeeControllerTest in 0.549 seconds (process running for 1.052)
2026-09-21T23:48:21.322-04:00  WARN 32126 --- [entry-level-java-challenge] [    Test worker] c.challenge.api.service.EmployeeService  : Cannot delete employee: UUID 34017179-65e9-4732-884a-a8fe9855f305 was not found
2026-09-21T23:48:21.326-04:00  INFO 32126 --- [entry-level-java-challenge] [    Test worker] c.challenge.api.service.EmployeeService  : Created employee with UUID 4df8e287-3f9c-44b1-9f24-9c1d05675bfd
2026-09-21T23:48:21.361-04:00  INFO 32126 --- [entry-level-java-challenge] [    Test worker] c.challenge.api.service.EmployeeService  : Created employee with UUID b54afb20-f0e7-44b5-94b6-80943cccdf82
2026-09-21T23:48:21.366-04:00  INFO 32126 --- [entry-level-java-challenge] [    Test worker] c.challenge.api.service.EmployeeService  : Created employee with UUID 5af37c47-a922-4b00-a811-d7cb97bc2508
2026-09-21T23:48:21.366-04:00  INFO 32126 --- [entry-level-java-challenge] [    Test worker] c.challenge.api.service.EmployeeService  : Deleted employee with UUID 5af37c47-a922-4b00-a811-d7cb97bc2508
2026-09-21T23:48:21.367-04:00  WARN 32126 --- [entry-level-java-challenge] [    Test worker] c.challenge.api.service.EmployeeService  : Employee not found for UUID 5af37c47-a922-4b00-a811-d7cb97bc2508
2026-09-21T23:48:21.371-04:00  WARN 32126 --- [entry-level-java-challenge] [    Test worker] .w.s.m.s.DefaultHandlerExceptionResolver : Resolved [org.springframework.web.method.annotation.MethodArgumentTypeMismatchException: Failed to convert value of type 'java.lang.String' to required type 'java.util.UUID'; Invalid UUID string: not-a-uuid]
2026-09-21T23:48:21.373-04:00  WARN 32126 --- [entry-level-java-challenge] [    Test worker] c.challenge.api.service.EmployeeService  : Employee not found for UUID bed73270-956d-42c8-8df3-298219a60fed
2026-09-21T23:48:21.376-04:00  INFO 32126 --- [entry-level-java-challenge] [    Test worker] c.challenge.api.service.EmployeeService  : Created employee with UUID be2e9d1f-4750-4f6f-a73e-c0cb38434a4d
2026-09-21T23:48:21.378-04:00  INFO 32126 --- [entry-level-java-challenge] [    Test worker] c.challenge.api.service.EmployeeService  : Created employee with UUID b3ee08d7-ecfe-478b-898a-2a85e8091177
2026-09-21T23:48:21.383-04:00  WARN 32126 --- [entry-level-java-challenge] [    Test worker] .w.s.m.s.DefaultHandlerExceptionResolver : Resolved [org.springframework.web.bind.MissingServletRequestParameterException: Required request parameter 'name' for method parameter type String is not present]
]]></system-out>
  <system-err><![CDATA[]]></system-err>
</testsuite>
