<?xml version="1.0" encoding="UTF-8"?>
<testsuite name="com.challenge.api.controller.EmployeeControllerTest" tests="10" skipped="0" failures="0" errors="0" timestamp="2026-09-22T03:15:55" hostname="Sneha-2.local" time="0.522">
  <properties/>
  <testcase name="createEmployeeShouldReturnBadRequestWhenFirstNameIsMissing()" classname="com.challenge.api.controller.EmployeeControllerTest" time="0.463"/>
  <testcase name="deleteEmployeeShouldReturnNotFoundWhenEmployeeDoesNotExist()" classname="com.challenge.api.controller.EmployeeControllerTest" time="0.003"/>
  <testcase name="searchEmployeesShouldReturnMatchingEmployees()" classname="com.challenge.api.controller.EmployeeControllerTest" time="0.034"/>
  <testcase name="getEmployeeByUuidShouldReturnEmployee()" classname="com.challenge.api.controller.EmployeeControllerTest" time="0.003"/>
  <testcase name="deleteEmployeeShouldRemoveEmployee()" classname="com.challenge.api.controller.EmployeeControllerTest" time="0.002"/>
  <testcase name="getEmployeeByUuidShouldReturnNotFoundWhenEmployeeDoesNotExist()" classname="com.challenge.api.controller.EmployeeControllerTest" time="0.001"/>
  <testcase name="createEmployeeShouldReturnCreatedEmployee()" classname="com.challenge.api.controller.EmployeeControllerTest" time="0.003"/>
  <testcase name="searchEmployeesShouldBeCaseInsensitiveAndAllowPartialNames()" classname="com.challenge.api.controller.EmployeeControllerTest" time="0.002"/>
  <testcase name="getAllEmployeesShouldReturnOk()" classname="com.challenge.api.controller.EmployeeControllerTest" time="0.002"/>
  <testcase name="searchEmployeesShouldReturnBadRequestWhenNameIsMissing()" classname="com.challenge.api.controller.EmployeeControllerTest" time="0.002"/>
  <system-out><![CDATA[23:15:54.753 [Test worker] INFO org.springframework.test.context.support.AnnotationConfigContextLoaderUtils -- Could not detect default configuration classes for test class [com.challenge.api.controller.EmployeeControllerTest]: EmployeeControllerTest does not declare any static, non-private, non-final, nested classes annotated with @Configuration.
23:15:54.828 [Test worker] INFO org.springframework.boot.test.context.SpringBootTestContextBootstrapper -- Found @SpringBootConfiguration com.challenge.api.EntryLevelJavaChallengeApplication for test class com.challenge.api.controller.EmployeeControllerTest

  .   ____          _            __ _ _
 /\\ / ___'_ __ _ _(_)_ __  __ _ \ \ \ \
( ( )\___ | '_ | '_| | '_ \/ _` | \ \ \ \
 \\/  ___)| |_)| | | | | || (_| |  ) ) ) )
  '  |____| .__|_| |_|_| |_\__, | / / / /
 =========|_|==============|___/=/_/_/_/
 :: Spring Boot ::               (v3.2.10)

2026-09-21T23:15:55.038-04:00  INFO 26841 --- [entry-level-java-challenge] [    Test worker] c.c.a.controller.EmployeeControllerTest  : Starting EmployeeControllerTest using Java 17.0.20.1 with PID 26841 (started by spatel in /Users/spatel/Documents/GitHub/Reliaquest OA/api)
2026-09-21T23:15:55.038-04:00  INFO 26841 --- [entry-level-java-challenge] [    Test worker] c.c.a.controller.EmployeeControllerTest  : No active profile set, falling back to 1 default profile: "default"
2026-09-21T23:15:55.525-04:00  INFO 26841 --- [entry-level-java-challenge] [    Test worker] o.s.b.t.m.w.SpringBootMockServletContext : Initializing Spring TestDispatcherServlet ''
2026-09-21T23:15:55.526-04:00  INFO 26841 --- [entry-level-java-challenge] [    Test worker] o.s.t.web.servlet.TestDispatcherServlet  : Initializing Servlet ''
2026-09-21T23:15:55.527-04:00  INFO 26841 --- [entry-level-java-challenge] [    Test worker] o.s.t.web.servlet.TestDispatcherServlet  : Completed initialization in 0 ms
2026-09-21T23:15:55.540-04:00  INFO 26841 --- [entry-level-java-challenge] [    Test worker] c.c.a.controller.EmployeeControllerTest  : Started EmployeeControllerTest in 0.643 seconds (process running for 1.21)
2026-09-21T23:15:56.069-04:00  WARN 26841 --- [entry-level-java-challenge] [    Test worker] .w.s.m.s.DefaultHandlerExceptionResolver : Resolved [org.springframework.web.bind.MissingServletRequestParameterException: Required request parameter 'name' for method parameter type String is not present]
]]></system-out>
  <system-err><![CDATA[]]></system-err>
</testsuite>
